2026-06-15 00:33:57,599 - INFO - ==================================================
2026-06-15 00:33:57,600 - INFO - Library Catalog Converter
2026-06-15 00:33:57,600 - INFO - Quality: full
2026-06-15 00:33:57,600 - INFO - OCR: disabled
2026-06-15 00:33:57,600 - INFO - ==================================================
2026-06-15 00:33:57,600 - INFO - Data folder: /Users/philippe/Python VS Code/Unified-Offline-Library-Catalog/data
2026-06-15 00:33:57,600 - INFO - Failed folder: /Users/philippe/Python VS Code/Unified-Offline-Library-Catalog/data/failed
2026-06-15 00:33:57,600 - INFO - Found: Kreyol_Pale_ht.pdf
2026-06-15 00:33:57,600 - INFO - 
--- Processing: Kreyol_Pale_ht.pdf ---
2026-06-15 00:33:57,600 - INFO - Starting conversion: Kreyol_Pale_ht.pdf
2026-06-15 00:33:57,600 - INFO - Title: Kreyol_Pale_ht | Language: ht | Quality: full
2026-06-15 00:33:57,662 - INFO - PDF has 374 pages
2026-06-15 00:33:57,663 - INFO - Converting page 1 of 374
2026-06-15 00:33:58,241 - INFO - Converting page 2 of 374
2026-06-15 00:33:58,424 - INFO - Converting page 3 of 374
2026-06-15 00:33:58,610 - INFO - Converting page 4 of 374
2026-06-15 00:33:58,769 - INFO - Converting page 5 of 374
2026-06-15 00:33:58,927 - INFO - Converting page 6 of 374
2026-06-15 00:33:59,091 - INFO - Converting page 7 of 374
2026-06-15 00:33:59,255 - INFO - Converting page 8 of 374
2026-06-15 00:33:59,417 - INFO - Converting page 9 of 374
2026-06-15 00:33:59,591 - INFO - Converting page 10 of 374
2026-06-15 00:33:59,777 - INFO - Converting page 11 of 374
2026-06-15 00:33:59,947 - INFO - Converting page 12 of 374
2026-06-15 00:34:00,119 - INFO - Converting page 13 of 374
2026-06-15 00:34:00,288 - INFO - Converting page 14 of 374
2026-06-15 00:34:00,466 - INFO - Converting page 15 of 374
2026-06-15 00:34:00,635 - INFO - Converting page 16 of 374
2026-06-15 00:34:00,844 - INFO - Converting page 17 of 374
2026-06-15 00:34:01,008 - INFO - Converting page 18 of 374
2026-06-15 00:34:01,150 - INFO - Converting page 19 of 374
2026-06-15 00:34:01,327 - INFO - Converting page 20 of 374
2026-06-15 00:34:01,494 - INFO - Converting page 21 of 374
2026-06-15 00:34:01,650 - INFO - Converting page 22 of 374
2026-06-15 00:34:01,879 - INFO - Converting page 23 of 374
2026-06-15 00:34:02,084 - INFO - Converting page 24 of 374
2026-06-15 00:34:02,249 - INFO - Converting page 25 of 374
2026-06-15 00:34:02,421 - INFO - Converting page 26 of 374
2026-06-15 00:34:02,619 - INFO - Converting page 27 of 374
2026-06-15 00:34:02,781 - INFO - Converting page 28 of 374
2026-06-15 00:34:02,974 - INFO - Converting page 29 of 374
2026-06-15 00:34:03,137 - INFO - Converting page 30 of 374
2026-06-15 00:34:03,335 - INFO - Converting page 31 of 374
2026-06-15 00:34:03,505 - INFO - Converting page 32 of 374
2026-06-15 00:34:03,792 - INFO - Converting page 33 of 374
2026-06-15 00:34:04,001 - INFO - Converting page 34 of 374
2026-06-15 00:34:04,184 - INFO - Converting page 35 of 374
2026-06-15 00:34:04,368 - INFO - Converting page 36 of 374
2026-06-15 00:34:04,530 - INFO - Converting page 37 of 374
2026-06-15 00:34:04,696 - INFO - Converting page 38 of 374
2026-06-15 00:34:04,848 - INFO - Converting page 39 of 374
2026-06-15 00:34:05,057 - INFO - Converting page 40 of 374
2026-06-15 00:34:05,207 - INFO - Converting page 41 of 374
2026-06-15 00:34:05,363 - INFO - Converting page 42 of 374
2026-06-15 00:34:05,544 - INFO - Converting page 43 of 374
2026-06-15 00:34:05,709 - INFO - Converting page 44 of 374
2026-06-15 00:34:05,876 - INFO - Converting page 45 of 374
2026-06-15 00:34:06,052 - INFO - Converting page 46 of 374
2026-06-15 00:34:06,242 - INFO - Converting page 47 of 374
2026-06-15 00:34:06,468 - INFO - Converting page 48 of 374
2026-06-15 00:34:06,660 - INFO - Converting page 49 of 374
2026-06-15 00:34:06,942 - INFO - Converting page 50 of 374
2026-06-15 00:34:07,102 - INFO - Converting page 51 of 374
2026-06-15 00:34:07,257 - INFO - Converting page 52 of 374
2026-06-15 00:34:07,424 - INFO - Converting page 53 of 374
2026-06-15 00:34:07,606 - INFO - Converting page 54 of 374
2026-06-15 00:34:07,797 - INFO - Converting page 55 of 374
2026-06-15 00:34:08,044 - INFO - Converting page 56 of 374
2026-06-15 00:34:08,207 - INFO - Converting page 57 of 374
2026-06-15 00:34:08,426 - INFO - Converting page 58 of 374
2026-06-15 00:34:08,614 - INFO - Converting page 59 of 374
2026-06-15 00:34:08,770 - INFO - Converting page 60 of 374
2026-06-15 00:34:08,969 - INFO - Converting page 61 of 374
2026-06-15 00:34:09,117 - INFO - Converting page 62 of 374
2026-06-15 00:34:09,294 - INFO - Converting page 63 of 374
2026-06-15 00:34:09,459 - INFO - Converting page 64 of 374
2026-06-15 00:34:09,625 - INFO - Converting page 65 of 374
2026-06-15 00:34:09,826 - INFO - Converting page 66 of 374
2026-06-15 00:34:10,021 - INFO - Converting page 67 of 374
2026-06-15 00:34:10,212 - INFO - Converting page 68 of 374
2026-06-15 00:34:10,386 - INFO - Converting page 69 of 374
2026-06-15 00:34:10,547 - INFO - Converting page 70 of 374
2026-06-15 00:34:10,713 - INFO - Converting page 71 of 374
2026-06-15 00:34:10,904 - INFO - Converting page 72 of 374
2026-06-15 00:34:11,138 - INFO - Converting page 73 of 374
2026-06-15 00:34:11,411 - INFO - Converting page 74 of 374
2026-06-15 00:34:11,592 - INFO - Converting page 75 of 374
2026-06-15 00:34:11,781 - INFO - Converting page 76 of 374
2026-06-15 00:34:12,002 - INFO - Converting page 77 of 374
2026-06-15 00:34:12,167 - INFO - Converting page 78 of 374
2026-06-15 00:34:12,357 - INFO - Converting page 79 of 374
2026-06-15 00:34:12,526 - INFO - Converting page 80 of 374
2026-06-15 00:34:12,687 - INFO - Converting page 81 of 374
2026-06-15 00:34:12,858 - INFO - Converting page 82 of 374
2026-06-15 00:34:13,084 - INFO - Converting page 83 of 374
2026-06-15 00:34:13,283 - INFO - Converting page 84 of 374
2026-06-15 00:34:13,439 - INFO - Converting page 85 of 374
2026-06-15 00:34:13,640 - INFO - Converting page 86 of 374
2026-06-15 00:34:13,828 - INFO - Converting page 87 of 374
2026-06-15 00:34:14,116 - INFO - Converting page 88 of 374
2026-06-15 00:34:14,399 - INFO - Converting page 89 of 374
2026-06-15 00:34:14,596 - INFO - Converting page 90 of 374
2026-06-15 00:34:14,783 - INFO - Converting page 91 of 374
2026-06-15 00:34:14,969 - INFO - Converting page 92 of 374
2026-06-15 00:34:15,176 - INFO - Converting page 93 of 374
2026-06-15 00:34:15,358 - INFO - Converting page 94 of 374
2026-06-15 00:34:15,521 - INFO - Converting page 95 of 374
2026-06-15 00:34:15,687 - INFO - Converting page 96 of 374
2026-06-15 00:34:15,847 - INFO - Converting page 97 of 374
2026-06-15 00:34:16,092 - INFO - Converting page 98 of 374
2026-06-15 00:34:16,337 - INFO - Converting page 99 of 374
2026-06-15 00:34:16,549 - INFO - Converting page 100 of 374
2026-06-15 00:34:16,780 - INFO - Converting page 101 of 374
2026-06-15 00:34:16,952 - INFO - Converting page 102 of 374
2026-06-15 00:34:17,270 - INFO - Converting page 103 of 374
2026-06-15 00:34:17,430 - INFO - Converting page 104 of 374
2026-06-15 00:34:17,628 - INFO - Converting page 105 of 374
2026-06-15 00:34:17,842 - INFO - Converting page 106 of 374
2026-06-15 00:34:18,030 - INFO - Converting page 107 of 374
2026-06-15 00:34:18,233 - INFO - Converting page 108 of 374
2026-06-15 00:34:18,413 - INFO - Converting page 109 of 374
2026-06-15 00:34:18,604 - INFO - Converting page 110 of 374
2026-06-15 00:34:18,784 - INFO - Converting page 111 of 374
2026-06-15 00:34:18,973 - INFO - Converting page 112 of 374
2026-06-15 00:34:19,170 - INFO - Converting page 113 of 374
2026-06-15 00:34:19,384 - INFO - Converting page 114 of 374
2026-06-15 00:34:19,633 - INFO - Converting page 115 of 374
2026-06-15 00:34:19,945 - INFO - Converting page 116 of 374
2026-06-15 00:34:20,194 - INFO - Converting page 117 of 374
2026-06-15 00:34:20,420 - INFO - Converting page 118 of 374
2026-06-15 00:34:20,613 - INFO - Converting page 119 of 374
2026-06-15 00:34:20,849 - INFO - Converting page 120 of 374
2026-06-15 00:34:21,025 - INFO - Converting page 121 of 374
2026-06-15 00:34:21,221 - INFO - Converting page 122 of 374
2026-06-15 00:34:21,519 - INFO - Converting page 123 of 374
2026-06-15 00:34:21,716 - INFO - Converting page 124 of 374
2026-06-15 00:34:21,895 - INFO - Converting page 125 of 374
2026-06-15 00:34:22,171 - INFO - Converting page 126 of 374
2026-06-15 00:34:22,458 - INFO - Converting page 127 of 374
2026-06-15 00:34:22,740 - INFO - Converting page 128 of 374
2026-06-15 00:34:22,897 - INFO - Converting page 129 of 374
2026-06-15 00:34:23,080 - INFO - Converting page 130 of 374
2026-06-15 00:34:23,256 - INFO - Converting page 131 of 374
2026-06-15 00:34:23,496 - INFO - Converting page 132 of 374
2026-06-15 00:34:23,699 - INFO - Converting page 133 of 374
2026-06-15 00:34:23,892 - INFO - Converting page 134 of 374
2026-06-15 00:34:24,092 - INFO - Converting page 135 of 374
2026-06-15 00:34:24,270 - INFO - Converting page 136 of 374
2026-06-15 00:34:24,481 - INFO - Converting page 137 of 374
2026-06-15 00:34:24,669 - INFO - Converting page 138 of 374
2026-06-15 00:34:24,851 - INFO - Converting page 139 of 374
2026-06-15 00:34:25,013 - INFO - Converting page 140 of 374
2026-06-15 00:34:25,200 - INFO - Converting page 141 of 374
2026-06-15 00:34:25,456 - INFO - Converting page 142 of 374
2026-06-15 00:34:25,730 - INFO - Converting page 143 of 374
2026-06-15 00:34:25,916 - INFO - Converting page 144 of 374
2026-06-15 00:34:26,309 - INFO - Converting page 145 of 374
2026-06-15 00:34:26,484 - INFO - Converting page 146 of 374
2026-06-15 00:34:26,667 - INFO - Converting page 147 of 374
2026-06-15 00:34:26,848 - INFO - Converting page 148 of 374
2026-06-15 00:34:27,010 - INFO - Converting page 149 of 374
2026-06-15 00:34:27,200 - INFO - Converting page 150 of 374
2026-06-15 00:34:27,448 - INFO - Converting page 151 of 374
2026-06-15 00:34:27,698 - INFO - Converting page 152 of 374
2026-06-15 00:34:27,874 - INFO - Converting page 153 of 374
2026-06-15 00:34:28,052 - INFO - Converting page 154 of 374
2026-06-15 00:34:28,345 - INFO - Converting page 155 of 374
2026-06-15 00:34:28,506 - INFO - Converting page 156 of 374
2026-06-15 00:34:28,694 - INFO - Converting page 157 of 374
2026-06-15 00:34:28,852 - INFO - Converting page 158 of 374
2026-06-15 00:34:29,046 - INFO - Converting page 159 of 374
2026-06-15 00:34:29,193 - INFO - Converting page 160 of 374
2026-06-15 00:34:29,377 - INFO - Converting page 161 of 374
2026-06-15 00:34:29,549 - INFO - Converting page 162 of 374
2026-06-15 00:34:29,725 - INFO - Converting page 163 of 374
2026-06-15 00:34:30,021 - INFO - Converting page 164 of 374
2026-06-15 00:34:30,206 - INFO - Converting page 165 of 374
2026-06-15 00:34:30,393 - INFO - Converting page 166 of 374
2026-06-15 00:34:30,659 - INFO - Converting page 167 of 374
2026-06-15 00:34:30,837 - INFO - Converting page 168 of 374
2026-06-15 00:34:31,186 - INFO - Converting page 169 of 374
2026-06-15 00:34:31,421 - INFO - Converting page 170 of 374
2026-06-15 00:34:31,662 - INFO - Converting page 171 of 374
2026-06-15 00:34:31,823 - INFO - Converting page 172 of 374
2026-06-15 00:34:32,108 - INFO - Converting page 173 of 374
2026-06-15 00:34:32,274 - INFO - Converting page 174 of 374
2026-06-15 00:34:32,446 - INFO - Converting page 175 of 374
2026-06-15 00:34:32,632 - INFO - Converting page 176 of 374
2026-06-15 00:34:32,811 - INFO - Converting page 177 of 374
2026-06-15 00:34:33,021 - INFO - Converting page 178 of 374
2026-06-15 00:34:33,180 - INFO - Converting page 179 of 374
2026-06-15 00:34:33,338 - INFO - Converting page 180 of 374
2026-06-15 00:34:33,544 - INFO - Converting page 181 of 374
2026-06-15 00:34:33,749 - INFO - Converting page 182 of 374
2026-06-15 00:34:33,911 - INFO - Converting page 183 of 374
2026-06-15 00:34:34,482 - INFO - Converting page 184 of 374
2026-06-15 00:34:34,683 - INFO - Converting page 185 of 374
2026-06-15 00:34:34,874 - INFO - Converting page 186 of 374
2026-06-15 00:34:35,068 - INFO - Converting page 187 of 374
2026-06-15 00:34:35,265 - INFO - Converting page 188 of 374
2026-06-15 00:34:35,454 - INFO - Converting page 189 of 374
2026-06-15 00:34:35,698 - INFO - Converting page 190 of 374
2026-06-15 00:34:35,918 - INFO - Converting page 191 of 374
2026-06-15 00:34:36,102 - INFO - Converting page 192 of 374
2026-06-15 00:34:36,286 - INFO - Converting page 193 of 374
2026-06-15 00:34:36,504 - INFO - Converting page 194 of 374
2026-06-15 00:34:36,686 - INFO - Converting page 195 of 374
2026-06-15 00:34:36,856 - INFO - Converting page 196 of 374
2026-06-15 00:34:37,026 - INFO - Converting page 197 of 374
2026-06-15 00:34:37,229 - INFO - Converting page 198 of 374
2026-06-15 00:34:37,418 - INFO - Converting page 199 of 374
2026-06-15 00:34:37,598 - INFO - Converting page 200 of 374
2026-06-15 00:34:37,776 - INFO - Converting page 201 of 374
2026-06-15 00:34:37,964 - INFO - Converting page 202 of 374
2026-06-15 00:34:38,156 - INFO - Converting page 203 of 374
2026-06-15 00:34:38,360 - INFO - Converting page 204 of 374
2026-06-15 00:34:38,607 - INFO - Converting page 205 of 374
2026-06-15 00:34:38,791 - INFO - Converting page 206 of 374
2026-06-15 00:34:39,011 - INFO - Converting page 207 of 374
2026-06-15 00:34:39,241 - INFO - Converting page 208 of 374
2026-06-15 00:34:39,460 - INFO - Converting page 209 of 374
2026-06-15 00:34:39,739 - INFO - Converting page 210 of 374
2026-06-15 00:34:39,961 - INFO - Converting page 211 of 374
2026-06-15 00:34:40,116 - INFO - Converting page 212 of 374
2026-06-15 00:34:40,275 - INFO - Converting page 213 of 374
2026-06-15 00:34:40,468 - INFO - Converting page 214 of 374
2026-06-15 00:34:40,658 - INFO - Converting page 215 of 374
2026-06-15 00:34:40,864 - INFO - Converting page 216 of 374
2026-06-15 00:34:41,109 - INFO - Converting page 217 of 374
2026-06-15 00:34:41,337 - INFO - Converting page 218 of 374
2026-06-15 00:34:41,623 - INFO - Converting page 219 of 374
2026-06-15 00:34:41,825 - INFO - Converting page 220 of 374
2026-06-15 00:34:42,026 - INFO - Converting page 221 of 374
2026-06-15 00:34:42,223 - INFO - Converting page 222 of 374
2026-06-15 00:34:42,395 - INFO - Converting page 223 of 374
2026-06-15 00:34:42,580 - INFO - Converting page 224 of 374
2026-06-15 00:34:42,745 - INFO - Converting page 225 of 374
2026-06-15 00:34:42,893 - INFO - Converting page 226 of 374
2026-06-15 00:34:43,085 - INFO - Converting page 227 of 374
2026-06-15 00:34:43,255 - INFO - Converting page 228 of 374
2026-06-15 00:34:43,465 - INFO - Converting page 229 of 374
2026-06-15 00:34:43,730 - INFO - Converting page 230 of 374
2026-06-15 00:34:43,899 - INFO - Converting page 231 of 374
2026-06-15 00:34:44,105 - INFO - Converting page 232 of 374
2026-06-15 00:34:44,292 - INFO - Converting page 233 of 374
2026-06-15 00:34:44,501 - INFO - Converting page 234 of 374
2026-06-15 00:34:44,671 - INFO - Converting page 235 of 374
2026-06-15 00:34:44,973 - INFO - Converting page 236 of 374
2026-06-15 00:34:45,182 - INFO - Converting page 237 of 374
2026-06-15 00:34:45,350 - INFO - Converting page 238 of 374
2026-06-15 00:34:45,531 - INFO - Converting page 239 of 374
2026-06-15 00:34:45,798 - INFO - Converting page 240 of 374
2026-06-15 00:34:46,052 - INFO - Converting page 241 of 374
2026-06-15 00:34:46,244 - INFO - Converting page 242 of 374
2026-06-15 00:34:46,439 - INFO - Converting page 243 of 374
2026-06-15 00:34:46,607 - INFO - Converting page 244 of 374
2026-06-15 00:34:46,946 - INFO - Converting page 245 of 374
2026-06-15 00:34:47,125 - INFO - Converting page 246 of 374
2026-06-15 00:34:47,292 - INFO - Converting page 247 of 374
2026-06-15 00:34:47,564 - INFO - Converting page 248 of 374
2026-06-15 00:34:47,861 - INFO - Converting page 249 of 374
2026-06-15 00:34:48,115 - INFO - Converting page 250 of 374
2026-06-15 00:34:48,304 - INFO - Converting page 251 of 374
2026-06-15 00:34:48,488 - INFO - Converting page 252 of 374
2026-06-15 00:34:48,653 - INFO - Converting page 253 of 374
2026-06-15 00:34:48,823 - INFO - Converting page 254 of 374
2026-06-15 00:34:48,990 - INFO - Converting page 255 of 374
2026-06-15 00:34:49,135 - INFO - Converting page 256 of 374
2026-06-15 00:34:49,321 - INFO - Converting page 257 of 374
2026-06-15 00:34:49,484 - INFO - Converting page 258 of 374
2026-06-15 00:34:49,664 - INFO - Converting page 259 of 374
2026-06-15 00:34:50,017 - INFO - Converting page 260 of 374
2026-06-15 00:34:50,215 - INFO - Converting page 261 of 374
2026-06-15 00:34:50,397 - INFO - Converting page 262 of 374
2026-06-15 00:34:50,563 - INFO - Converting page 263 of 374
2026-06-15 00:34:50,802 - INFO - Converting page 264 of 374
2026-06-15 00:34:50,973 - INFO - Converting page 265 of 374
2026-06-15 00:34:51,162 - INFO - Converting page 266 of 374
2026-06-15 00:34:51,331 - INFO - Converting page 267 of 374
2026-06-15 00:34:51,612 - INFO - Converting page 268 of 374
2026-06-15 00:34:51,813 - INFO - Converting page 269 of 374
2026-06-15 00:34:51,998 - INFO - Converting page 270 of 374
2026-06-15 00:34:52,207 - INFO - Converting page 271 of 374
2026-06-15 00:34:52,390 - INFO - Converting page 272 of 374
2026-06-15 00:34:52,587 - INFO - Converting page 273 of 374
2026-06-15 00:34:52,759 - INFO - Converting page 274 of 374
2026-06-15 00:34:53,030 - INFO - Converting page 275 of 374
2026-06-15 00:34:53,233 - INFO - Converting page 276 of 374
2026-06-15 00:34:53,410 - INFO - Converting page 277 of 374
2026-06-15 00:34:53,646 - INFO - Converting page 278 of 374
2026-06-15 00:34:53,842 - INFO - Converting page 279 of 374
2026-06-15 00:34:54,016 - INFO - Converting page 280 of 374
2026-06-15 00:34:54,230 - INFO - Converting page 281 of 374
2026-06-15 00:34:54,415 - INFO - Converting page 282 of 374
2026-06-15 00:34:54,619 - INFO - Converting page 283 of 374
2026-06-15 00:34:54,913 - INFO - Converting page 284 of 374
2026-06-15 00:34:55,090 - INFO - Converting page 285 of 374
2026-06-15 00:34:55,278 - INFO - Converting page 286 of 374
2026-06-15 00:34:55,478 - INFO - Converting page 287 of 374
2026-06-15 00:34:55,667 - INFO - Converting page 288 of 374
2026-06-15 00:34:55,930 - INFO - Converting page 289 of 374
2026-06-15 00:34:56,117 - INFO - Converting page 290 of 374
2026-06-15 00:34:56,281 - INFO - Converting page 291 of 374
2026-06-15 00:34:56,439 - INFO - Converting page 292 of 374
2026-06-15 00:34:56,618 - INFO - Converting page 293 of 374
2026-06-15 00:34:56,788 - INFO - Converting page 294 of 374
2026-06-15 00:34:56,982 - INFO - Converting page 295 of 374
2026-06-15 00:34:57,168 - INFO - Converting page 296 of 374
2026-06-15 00:34:57,421 - INFO - Converting page 297 of 374
2026-06-15 00:34:57,616 - INFO - Converting page 298 of 374
2026-06-15 00:34:57,791 - INFO - Converting page 299 of 374
2026-06-15 00:34:57,957 - INFO - Converting page 300 of 374
2026-06-15 00:34:58,193 - INFO - Converting page 301 of 374
2026-06-15 00:34:58,377 - INFO - Converting page 302 of 374
2026-06-15 00:34:58,547 - INFO - Converting page 303 of 374
2026-06-15 00:34:58,710 - INFO - Converting page 304 of 374
2026-06-15 00:34:58,872 - INFO - Converting page 305 of 374
2026-06-15 00:34:59,074 - INFO - Converting page 306 of 374
2026-06-15 00:34:59,273 - INFO - Converting page 307 of 374
2026-06-15 00:34:59,535 - INFO - Converting page 308 of 374
2026-06-15 00:34:59,721 - INFO - Converting page 309 of 374
2026-06-15 00:34:59,975 - INFO - Converting page 310 of 374
2026-06-15 00:35:00,133 - INFO - Converting page 311 of 374
2026-06-15 00:35:00,342 - INFO - Converting page 312 of 374
2026-06-15 00:35:00,512 - INFO - Converting page 313 of 374
2026-06-15 00:35:00,672 - INFO - Converting page 314 of 374
2026-06-15 00:35:00,849 - INFO - Converting page 315 of 374
2026-06-15 00:35:01,049 - INFO - Converting page 316 of 374
2026-06-15 00:35:01,301 - INFO - Converting page 317 of 374
2026-06-15 00:35:01,649 - INFO - Converting page 318 of 374
2026-06-15 00:35:01,824 - INFO - Converting page 319 of 374
2026-06-15 00:35:02,042 - INFO - Converting page 320 of 374
2026-06-15 00:35:02,280 - INFO - Converting page 321 of 374
2026-06-15 00:35:02,483 - INFO - Converting page 322 of 374
2026-06-15 00:35:02,665 - INFO - Converting page 323 of 374
2026-06-15 00:35:02,874 - INFO - Converting page 324 of 374
2026-06-15 00:35:03,059 - INFO - Converting page 325 of 374
2026-06-15 00:35:03,251 - INFO - Converting page 326 of 374
2026-06-15 00:35:03,488 - INFO - Converting page 327 of 374
2026-06-15 00:35:03,672 - INFO - Converting page 328 of 374
2026-06-15 00:35:03,872 - INFO - Converting page 329 of 374
2026-06-15 00:35:04,091 - INFO - Converting page 330 of 374
2026-06-15 00:35:04,264 - INFO - Converting page 331 of 374
2026-06-15 00:35:04,464 - INFO - Converting page 332 of 374
2026-06-15 00:35:04,635 - INFO - Converting page 333 of 374
2026-06-15 00:35:04,799 - INFO - Converting page 334 of 374
2026-06-15 00:35:04,974 - INFO - Converting page 335 of 374
2026-06-15 00:35:05,175 - INFO - Converting page 336 of 374
2026-06-15 00:35:05,349 - INFO - Converting page 337 of 374
2026-06-15 00:35:05,518 - INFO - Converting page 338 of 374
2026-06-15 00:35:05,763 - INFO - Converting page 339 of 374
2026-06-15 00:35:05,924 - INFO - Converting page 340 of 374
2026-06-15 00:35:06,096 - INFO - Converting page 341 of 374
2026-06-15 00:35:06,272 - INFO - Converting page 342 of 374
2026-06-15 00:35:06,452 - INFO - Converting page 343 of 374
2026-06-15 00:35:06,626 - INFO - Converting page 344 of 374
2026-06-15 00:35:06,797 - INFO - Converting page 345 of 374
2026-06-15 00:35:06,971 - INFO - Converting page 346 of 374
2026-06-15 00:35:07,143 - INFO - Converting page 347 of 374
2026-06-15 00:35:07,298 - INFO - Converting page 348 of 374
2026-06-15 00:35:07,474 - INFO - Converting page 349 of 374
2026-06-15 00:35:07,668 - INFO - Converting page 350 of 374
2026-06-15 00:35:07,856 - INFO - Converting page 351 of 374
2026-06-15 00:35:08,029 - INFO - Converting page 352 of 374
2026-06-15 00:35:08,208 - INFO - Converting page 353 of 374
2026-06-15 00:35:08,363 - INFO - Converting page 354 of 374
2026-06-15 00:35:08,564 - INFO - Converting page 355 of 374
2026-06-15 00:35:08,726 - INFO - Converting page 356 of 374
2026-06-15 00:35:08,939 - INFO - Converting page 357 of 374
2026-06-15 00:35:09,090 - INFO - Converting page 358 of 374
2026-06-15 00:35:09,244 - INFO - Converting page 359 of 374
2026-06-15 00:35:09,368 - INFO - Converting page 360 of 374
2026-06-15 00:35:09,546 - INFO - Converting page 361 of 374
2026-06-15 00:35:09,723 - INFO - Converting page 362 of 374
2026-06-15 00:35:09,894 - INFO - Converting page 363 of 374
2026-06-15 00:35:10,071 - INFO - Converting page 364 of 374
2026-06-15 00:35:10,248 - INFO - Converting page 365 of 374
2026-06-15 00:35:10,421 - INFO - Converting page 366 of 374
2026-06-15 00:35:10,593 - INFO - Converting page 367 of 374
2026-06-15 00:35:10,763 - INFO - Converting page 368 of 374
2026-06-15 00:35:10,961 - INFO - Converting page 369 of 374
2026-06-15 00:35:11,169 - INFO - Converting page 370 of 374
2026-06-15 00:35:11,371 - INFO - Converting page 371 of 374
2026-06-15 00:35:11,569 - INFO - Converting page 372 of 374
2026-06-15 00:35:11,693 - INFO - Converting page 373 of 374
2026-06-15 00:35:11,818 - INFO - Converting page 374 of 374
2026-06-15 00:35:12,109 - INFO - Writing ZIM: ../data/Kreyol_Pale_ht.zim
2026-06-15 00:35:12,126 - INFO - Written page 1 of 374
2026-06-15 00:35:12,128 - INFO - Written page 2 of 374
2026-06-15 00:35:12,129 - INFO - Written page 3 of 374
2026-06-15 00:35:12,131 - INFO - Written page 4 of 374
2026-06-15 00:35:12,133 - INFO - Written page 5 of 374
2026-06-15 00:35:12,135 - INFO - Written page 6 of 374
2026-06-15 00:35:12,138 - INFO - Written page 7 of 374
2026-06-15 00:35:12,163 - INFO - Written page 8 of 374
2026-06-15 00:35:12,189 - INFO - Written page 9 of 374
2026-06-15 00:35:12,210 - INFO - Written page 10 of 374
2026-06-15 00:35:12,212 - INFO - Written page 11 of 374
2026-06-15 00:35:12,361 - INFO - Written page 12 of 374
2026-06-15 00:35:12,409 - INFO - Written page 13 of 374
2026-06-15 00:35:12,432 - INFO - Written page 14 of 374
2026-06-15 00:35:12,579 - INFO - Written page 15 of 374
2026-06-15 00:35:12,648 - INFO - Written page 16 of 374
2026-06-15 00:35:12,718 - INFO - Written page 17 of 374
2026-06-15 00:35:12,722 - INFO - Written page 18 of 374
2026-06-15 00:35:12,864 - INFO - Written page 19 of 374
2026-06-15 00:35:12,992 - INFO - Written page 20 of 374
2026-06-15 00:35:13,133 - INFO - Written page 21 of 374
2026-06-15 00:35:13,153 - INFO - Written page 22 of 374
2026-06-15 00:35:13,197 - INFO - Written page 23 of 374
2026-06-15 00:35:13,200 - INFO - Written page 24 of 374
2026-06-15 00:35:13,394 - INFO - Written page 25 of 374
2026-06-15 00:35:13,480 - INFO - Written page 26 of 374
2026-06-15 00:35:13,527 - INFO - Written page 27 of 374
2026-06-15 00:35:13,531 - INFO - Written page 28 of 374
2026-06-15 00:35:13,535 - INFO - Written page 29 of 374
2026-06-15 00:35:13,619 - INFO - Written page 30 of 374
2026-06-15 00:35:13,644 - INFO - Written page 31 of 374
2026-06-15 00:35:13,663 - INFO - Written page 32 of 374
2026-06-15 00:35:13,756 - INFO - Written page 33 of 374
2026-06-15 00:35:13,770 - INFO - Written page 34 of 374
2026-06-15 00:35:13,782 - INFO - Written page 35 of 374
2026-06-15 00:35:13,868 - INFO - Written page 36 of 374
2026-06-15 00:35:13,941 - INFO - Written page 37 of 374
2026-06-15 00:35:13,946 - INFO - Written page 38 of 374
2026-06-15 00:35:13,960 - INFO - Written page 39 of 374
2026-06-15 00:35:14,016 - INFO - Written page 40 of 374
2026-06-15 00:35:14,018 - INFO - Written page 41 of 374
2026-06-15 00:35:14,135 - INFO - Written page 42 of 374
2026-06-15 00:35:14,146 - INFO - Written page 43 of 374
2026-06-15 00:35:14,180 - INFO - Written page 44 of 374
2026-06-15 00:35:14,244 - INFO - Written page 45 of 374
2026-06-15 00:35:14,299 - INFO - Written page 46 of 374
2026-06-15 00:35:14,302 - INFO - Written page 47 of 374
2026-06-15 00:35:14,370 - INFO - Written page 48 of 374
2026-06-15 00:35:14,379 - INFO - Written page 49 of 374
2026-06-15 00:35:14,419 - INFO - Written page 50 of 374
2026-06-15 00:35:14,500 - INFO - Written page 51 of 374
2026-06-15 00:35:14,580 - INFO - Written page 52 of 374
2026-06-15 00:35:14,614 - INFO - Written page 53 of 374
2026-06-15 00:35:14,617 - INFO - Written page 54 of 374
2026-06-15 00:35:14,636 - INFO - Written page 55 of 374
2026-06-15 00:35:14,698 - INFO - Written page 56 of 374
2026-06-15 00:35:14,763 - INFO - Written page 57 of 374
2026-06-15 00:35:14,800 - INFO - Written page 58 of 374
2026-06-15 00:35:14,822 - INFO - Written page 59 of 374
2026-06-15 00:35:14,832 - INFO - Written page 60 of 374
2026-06-15 00:35:14,884 - INFO - Written page 61 of 374
2026-06-15 00:35:14,921 - INFO - Written page 62 of 374
2026-06-15 00:35:14,947 - INFO - Written page 63 of 374
2026-06-15 00:35:15,011 - INFO - Written page 64 of 374
2026-06-15 00:35:15,039 - INFO - Written page 65 of 374
2026-06-15 00:35:15,053 - INFO - Written page 66 of 374
2026-06-15 00:35:15,111 - INFO - Written page 67 of 374
2026-06-15 00:35:15,115 - INFO - Written page 68 of 374
2026-06-15 00:35:15,176 - INFO - Written page 69 of 374
2026-06-15 00:35:15,202 - INFO - Written page 70 of 374
2026-06-15 00:35:15,261 - INFO - Written page 71 of 374
2026-06-15 00:35:15,313 - INFO - Written page 72 of 374
2026-06-15 00:35:15,334 - INFO - Written page 73 of 374
2026-06-15 00:35:15,381 - INFO - Written page 74 of 374
2026-06-15 00:35:15,383 - INFO - Written page 75 of 374
2026-06-15 00:35:15,497 - INFO - Written page 76 of 374
2026-06-15 00:35:15,503 - INFO - Written page 77 of 374
2026-06-15 00:35:15,529 - INFO - Written page 78 of 374
2026-06-15 00:35:15,612 - INFO - Written page 79 of 374
2026-06-15 00:35:15,671 - INFO - Written page 80 of 374
2026-06-15 00:35:15,687 - INFO - Written page 81 of 374
2026-06-15 00:35:15,709 - INFO - Written page 82 of 374
2026-06-15 00:35:15,759 - INFO - Written page 83 of 374
2026-06-15 00:35:15,892 - INFO - Written page 84 of 374
2026-06-15 00:35:15,894 - INFO - Written page 85 of 374
2026-06-15 00:35:15,908 - INFO - Written page 86 of 374
2026-06-15 00:35:15,956 - INFO - Written page 87 of 374
2026-06-15 00:35:16,066 - INFO - Written page 88 of 374
2026-06-15 00:35:16,069 - INFO - Written page 89 of 374
2026-06-15 00:35:16,106 - INFO - Written page 90 of 374
2026-06-15 00:35:16,117 - INFO - Written page 91 of 374
2026-06-15 00:35:16,170 - INFO - Written page 92 of 374
2026-06-15 00:35:16,229 - INFO - Written page 93 of 374
2026-06-15 00:35:16,245 - INFO - Written page 94 of 374
2026-06-15 00:35:16,257 - INFO - Written page 95 of 374
2026-06-15 00:35:16,374 - INFO - Written page 96 of 374
2026-06-15 00:35:16,381 - INFO - Written page 97 of 374
2026-06-15 00:35:16,411 - INFO - Written page 98 of 374
2026-06-15 00:35:16,498 - INFO - Written page 99 of 374
2026-06-15 00:35:16,577 - INFO - Written page 100 of 374
2026-06-15 00:35:16,621 - INFO - Written page 101 of 374
2026-06-15 00:35:16,645 - INFO - Written page 102 of 374
2026-06-15 00:35:16,737 - INFO - Written page 103 of 374
2026-06-15 00:35:16,773 - INFO - Written page 104 of 374
2026-06-15 00:35:16,820 - INFO - Written page 105 of 374
2026-06-15 00:35:16,823 - INFO - Written page 106 of 374
2026-06-15 00:35:16,941 - INFO - Written page 107 of 374
2026-06-15 00:35:16,967 - INFO - Written page 108 of 374
2026-06-15 00:35:17,038 - INFO - Written page 109 of 374
2026-06-15 00:35:17,063 - INFO - Written page 110 of 374
2026-06-15 00:35:17,185 - INFO - Written page 111 of 374
2026-06-15 00:35:17,190 - INFO - Written page 112 of 374
2026-06-15 00:35:17,207 - INFO - Written page 113 of 374
2026-06-15 00:35:17,278 - INFO - Written page 114 of 374
2026-06-15 00:35:17,330 - INFO - Written page 115 of 374
2026-06-15 00:35:17,374 - INFO - Written page 116 of 374
2026-06-15 00:35:17,407 - INFO - Written page 117 of 374
2026-06-15 00:35:17,445 - INFO - Written page 118 of 374
2026-06-15 00:35:17,495 - INFO - Written page 119 of 374
2026-06-15 00:35:17,550 - INFO - Written page 120 of 374
2026-06-15 00:35:17,639 - INFO - Written page 121 of 374
2026-06-15 00:35:17,687 - INFO - Written page 122 of 374
2026-06-15 00:35:17,717 - INFO - Written page 123 of 374
2026-06-15 00:35:17,772 - INFO - Written page 124 of 374
2026-06-15 00:35:17,832 - INFO - Written page 125 of 374
2026-06-15 00:35:17,884 - INFO - Written page 126 of 374
2026-06-15 00:35:17,894 - INFO - Written page 127 of 374
2026-06-15 00:35:18,002 - INFO - Written page 128 of 374
2026-06-15 00:35:18,052 - INFO - Written page 129 of 374
2026-06-15 00:35:18,135 - INFO - Written page 130 of 374
2026-06-15 00:35:18,193 - INFO - Written page 131 of 374
2026-06-15 00:35:18,255 - INFO - Written page 132 of 374
2026-06-15 00:35:18,306 - INFO - Written page 133 of 374
2026-06-15 00:35:18,352 - INFO - Written page 134 of 374
2026-06-15 00:35:18,399 - INFO - Written page 135 of 374
2026-06-15 00:35:18,461 - INFO - Written page 136 of 374
2026-06-15 00:35:18,465 - INFO - Written page 137 of 374
2026-06-15 00:35:18,555 - INFO - Written page 138 of 374
2026-06-15 00:35:18,571 - INFO - Written page 139 of 374
2026-06-15 00:35:18,592 - INFO - Written page 140 of 374
2026-06-15 00:35:18,721 - INFO - Written page 141 of 374
2026-06-15 00:35:18,755 - INFO - Written page 142 of 374
2026-06-15 00:35:18,787 - INFO - Written page 143 of 374
2026-06-15 00:35:18,800 - INFO - Written page 144 of 374
2026-06-15 00:35:18,923 - INFO - Written page 145 of 374
2026-06-15 00:35:18,953 - INFO - Written page 146 of 374
2026-06-15 00:35:19,034 - INFO - Written page 147 of 374
2026-06-15 00:35:19,075 - INFO - Written page 148 of 374
2026-06-15 00:35:19,094 - INFO - Written page 149 of 374
2026-06-15 00:35:19,152 - INFO - Written page 150 of 374
2026-06-15 00:35:19,240 - INFO - Written page 151 of 374
2026-06-15 00:35:19,302 - INFO - Written page 152 of 374
2026-06-15 00:35:19,318 - INFO - Written page 153 of 374
2026-06-15 00:35:19,352 - INFO - Written page 154 of 374
2026-06-15 00:35:19,423 - INFO - Written page 155 of 374
2026-06-15 00:35:19,507 - INFO - Written page 156 of 374
2026-06-15 00:35:19,511 - INFO - Written page 157 of 374
2026-06-15 00:35:19,527 - INFO - Written page 158 of 374
2026-06-15 00:35:19,647 - INFO - Written page 159 of 374
2026-06-15 00:35:19,680 - INFO - Written page 160 of 374
2026-06-15 00:35:19,693 - INFO - Written page 161 of 374
2026-06-15 00:35:19,714 - INFO - Written page 162 of 374
2026-06-15 00:35:19,824 - INFO - Written page 163 of 374
2026-06-15 00:35:19,852 - INFO - Written page 164 of 374
2026-06-15 00:35:19,870 - INFO - Written page 165 of 374
2026-06-15 00:35:19,895 - INFO - Written page 166 of 374
2026-06-15 00:35:19,956 - INFO - Written page 167 of 374
2026-06-15 00:35:19,985 - INFO - Written page 168 of 374
2026-06-15 00:35:20,074 - INFO - Written page 169 of 374
2026-06-15 00:35:20,110 - INFO - Written page 170 of 374
2026-06-15 00:35:20,209 - INFO - Written page 171 of 374
2026-06-15 00:35:20,234 - INFO - Written page 172 of 374
2026-06-15 00:35:20,249 - INFO - Written page 173 of 374
2026-06-15 00:35:20,331 - INFO - Written page 174 of 374
2026-06-15 00:35:20,373 - INFO - Written page 175 of 374
2026-06-15 00:35:20,492 - INFO - Written page 176 of 374
2026-06-15 00:35:20,520 - INFO - Written page 177 of 374
2026-06-15 00:35:20,556 - INFO - Written page 178 of 374
2026-06-15 00:35:20,564 - INFO - Written page 179 of 374
2026-06-15 00:35:20,651 - INFO - Written page 180 of 374
2026-06-15 00:35:20,687 - INFO - Written page 181 of 374
2026-06-15 00:35:20,766 - INFO - Written page 182 of 374
2026-06-15 00:35:20,794 - INFO - Written page 183 of 374
2026-06-15 00:35:20,884 - INFO - Written page 184 of 374
2026-06-15 00:35:20,888 - INFO - Written page 185 of 374
2026-06-15 00:35:20,943 - INFO - Written page 186 of 374
2026-06-15 00:35:20,989 - INFO - Written page 187 of 374
2026-06-15 00:35:21,020 - INFO - Written page 188 of 374
2026-06-15 00:35:21,034 - INFO - Written page 189 of 374
2026-06-15 00:35:21,193 - INFO - Written page 190 of 374
2026-06-15 00:35:21,198 - INFO - Written page 191 of 374
2026-06-15 00:35:21,212 - INFO - Written page 192 of 374
2026-06-15 00:35:21,227 - INFO - Written page 193 of 374
2026-06-15 00:35:21,397 - INFO - Written page 194 of 374
2026-06-15 00:35:21,413 - INFO - Written page 195 of 374
2026-06-15 00:35:21,441 - INFO - Written page 196 of 374
2026-06-15 00:35:21,491 - INFO - Written page 197 of 374
2026-06-15 00:35:21,598 - INFO - Written page 198 of 374
2026-06-15 00:35:21,649 - INFO - Written page 199 of 374
2026-06-15 00:35:21,666 - INFO - Written page 200 of 374
2026-06-15 00:35:21,674 - INFO - Written page 201 of 374
2026-06-15 00:35:21,799 - INFO - Written page 202 of 374
2026-06-15 00:35:21,831 - INFO - Written page 203 of 374
2026-06-15 00:35:21,837 - INFO - Written page 204 of 374
2026-06-15 00:35:21,870 - INFO - Written page 205 of 374
2026-06-15 00:35:22,033 - INFO - Written page 206 of 374
2026-06-15 00:35:22,078 - INFO - Written page 207 of 374
2026-06-15 00:35:22,094 - INFO - Written page 208 of 374
2026-06-15 00:35:22,109 - INFO - Written page 209 of 374
2026-06-15 00:35:22,223 - INFO - Written page 210 of 374
2026-06-15 00:35:22,273 - INFO - Written page 211 of 374
2026-06-15 00:35:22,294 - INFO - Written page 212 of 374
2026-06-15 00:35:22,383 - INFO - Written page 213 of 374
2026-06-15 00:35:22,481 - INFO - Written page 214 of 374
2026-06-15 00:35:22,489 - INFO - Written page 215 of 374
2026-06-15 00:35:22,501 - INFO - Written page 216 of 374
2026-06-15 00:35:22,606 - INFO - Written page 217 of 374
2026-06-15 00:35:22,660 - INFO - Written page 218 of 374
2026-06-15 00:35:22,673 - INFO - Written page 219 of 374
2026-06-15 00:35:22,728 - INFO - Written page 220 of 374
2026-06-15 00:35:22,738 - INFO - Written page 221 of 374
2026-06-15 00:35:22,835 - INFO - Written page 222 of 374
2026-06-15 00:35:22,873 - INFO - Written page 223 of 374
2026-06-15 00:35:22,913 - INFO - Written page 224 of 374
2026-06-15 00:35:22,960 - INFO - Written page 225 of 374
2026-06-15 00:35:23,009 - INFO - Written page 226 of 374
2026-06-15 00:35:23,025 - INFO - Written page 227 of 374
2026-06-15 00:35:23,081 - INFO - Written page 228 of 374
2026-06-15 00:35:23,181 - INFO - Written page 229 of 374
2026-06-15 00:35:23,227 - INFO - Written page 230 of 374
2026-06-15 00:35:23,237 - INFO - Written page 231 of 374
2026-06-15 00:35:23,331 - INFO - Written page 232 of 374
2026-06-15 00:35:23,337 - INFO - Written page 233 of 374
2026-06-15 00:35:23,410 - INFO - Written page 234 of 374
2026-06-15 00:35:23,474 - INFO - Written page 235 of 374
2026-06-15 00:35:23,557 - INFO - Written page 236 of 374
2026-06-15 00:35:23,599 - INFO - Written page 237 of 374
2026-06-15 00:35:23,688 - INFO - Written page 238 of 374
2026-06-15 00:35:23,716 - INFO - Written page 239 of 374
2026-06-15 00:35:23,901 - INFO - Written page 240 of 374
2026-06-15 00:35:23,906 - INFO - Written page 241 of 374
2026-06-15 00:35:24,101 - INFO - Written page 242 of 374
2026-06-15 00:35:24,114 - INFO - Written page 243 of 374
2026-06-15 00:35:24,260 - INFO - Written page 244 of 374
2026-06-15 00:35:24,282 - INFO - Written page 245 of 374
2026-06-15 00:35:24,337 - INFO - Written page 246 of 374
2026-06-15 00:35:24,395 - INFO - Written page 247 of 374
2026-06-15 00:35:24,438 - INFO - Written page 248 of 374
2026-06-15 00:35:24,463 - INFO - Written page 249 of 374
2026-06-15 00:35:24,606 - INFO - Written page 250 of 374
2026-06-15 00:35:24,643 - INFO - Written page 251 of 374
2026-06-15 00:35:24,661 - INFO - Written page 252 of 374
2026-06-15 00:35:24,663 - INFO - Written page 253 of 374
2026-06-15 00:35:24,793 - INFO - Written page 254 of 374
2026-06-15 00:35:24,820 - INFO - Written page 255 of 374
2026-06-15 00:35:24,877 - INFO - Written page 256 of 374
2026-06-15 00:35:24,886 - INFO - Written page 257 of 374
2026-06-15 00:35:24,997 - INFO - Written page 258 of 374
2026-06-15 00:35:25,042 - INFO - Written page 259 of 374
2026-06-15 00:35:25,108 - INFO - Written page 260 of 374
2026-06-15 00:35:25,167 - INFO - Written page 261 of 374
2026-06-15 00:35:25,225 - INFO - Written page 262 of 374
2026-06-15 00:35:25,261 - INFO - Written page 263 of 374
2026-06-15 00:35:25,293 - INFO - Written page 264 of 374
2026-06-15 00:35:25,378 - INFO - Written page 265 of 374
2026-06-15 00:35:25,421 - INFO - Written page 266 of 374
2026-06-15 00:35:25,453 - INFO - Written page 267 of 374
2026-06-15 00:35:25,462 - INFO - Written page 268 of 374
2026-06-15 00:35:25,555 - INFO - Written page 269 of 374
2026-06-15 00:35:25,558 - INFO - Written page 270 of 374
2026-06-15 00:35:25,639 - INFO - Written page 271 of 374
2026-06-15 00:35:25,657 - INFO - Written page 272 of 374
2026-06-15 00:35:25,703 - INFO - Written page 273 of 374
2026-06-15 00:35:25,837 - INFO - Written page 274 of 374
2026-06-15 00:35:25,862 - INFO - Written page 275 of 374
2026-06-15 00:35:25,884 - INFO - Written page 276 of 374
2026-06-15 00:35:25,901 - INFO - Written page 277 of 374
2026-06-15 00:35:26,023 - INFO - Written page 278 of 374
2026-06-15 00:35:26,063 - INFO - Written page 279 of 374
2026-06-15 00:35:26,089 - INFO - Written page 280 of 374
2026-06-15 00:35:26,235 - INFO - Written page 281 of 374
2026-06-15 00:35:26,284 - INFO - Written page 282 of 374
2026-06-15 00:35:26,287 - INFO - Written page 283 of 374
2026-06-15 00:35:26,302 - INFO - Written page 284 of 374
2026-06-15 00:35:26,305 - INFO - Written page 285 of 374
2026-06-15 00:35:26,423 - INFO - Written page 286 of 374
2026-06-15 00:35:26,473 - INFO - Written page 287 of 374
2026-06-15 00:35:26,489 - INFO - Written page 288 of 374
2026-06-15 00:35:26,494 - INFO - Written page 289 of 374
2026-06-15 00:35:26,660 - INFO - Written page 290 of 374
2026-06-15 00:35:26,678 - INFO - Written page 291 of 374
2026-06-15 00:35:26,720 - INFO - Written page 292 of 374
2026-06-15 00:35:26,726 - INFO - Written page 293 of 374
2026-06-15 00:35:26,851 - INFO - Written page 294 of 374
2026-06-15 00:35:26,888 - INFO - Written page 295 of 374
2026-06-15 00:35:26,917 - INFO - Written page 296 of 374
2026-06-15 00:35:26,972 - INFO - Written page 297 of 374
2026-06-15 00:35:27,033 - INFO - Written page 298 of 374
2026-06-15 00:35:27,089 - INFO - Written page 299 of 374
2026-06-15 00:35:27,103 - INFO - Written page 300 of 374
2026-06-15 00:35:27,146 - INFO - Written page 301 of 374
2026-06-15 00:35:27,238 - INFO - Written page 302 of 374
2026-06-15 00:35:27,353 - INFO - Written page 303 of 374
2026-06-15 00:35:27,454 - INFO - Written page 304 of 374
2026-06-15 00:35:27,502 - INFO - Written page 305 of 374
2026-06-15 00:35:27,576 - INFO - Written page 306 of 374
2026-06-15 00:35:27,585 - INFO - Written page 307 of 374
2026-06-15 00:35:27,710 - INFO - Written page 308 of 374
2026-06-15 00:35:27,723 - INFO - Written page 309 of 374
2026-06-15 00:35:27,739 - INFO - Written page 310 of 374
2026-06-15 00:35:27,839 - INFO - Written page 311 of 374
2026-06-15 00:35:27,906 - INFO - Written page 312 of 374
2026-06-15 00:35:27,929 - INFO - Written page 313 of 374
2026-06-15 00:35:27,974 - INFO - Written page 314 of 374
2026-06-15 00:35:28,079 - INFO - Written page 315 of 374
2026-06-15 00:35:28,133 - INFO - Written page 316 of 374
2026-06-15 00:35:28,138 - INFO - Written page 317 of 374
2026-06-15 00:35:28,209 - INFO - Written page 318 of 374
2026-06-15 00:35:28,253 - INFO - Written page 319 of 374
2026-06-15 00:35:28,294 - INFO - Written page 320 of 374
2026-06-15 00:35:28,344 - INFO - Written page 321 of 374
2026-06-15 00:35:28,425 - INFO - Written page 322 of 374
2026-06-15 00:35:28,447 - INFO - Written page 323 of 374
2026-06-15 00:35:28,516 - INFO - Written page 324 of 374
2026-06-15 00:35:28,604 - INFO - Written page 325 of 374
2026-06-15 00:35:28,660 - INFO - Written page 326 of 374
2026-06-15 00:35:28,669 - INFO - Written page 327 of 374
2026-06-15 00:35:28,793 - INFO - Written page 328 of 374
2026-06-15 00:35:28,822 - INFO - Written page 329 of 374
2026-06-15 00:35:28,862 - INFO - Written page 330 of 374
2026-06-15 00:35:28,878 - INFO - Written page 331 of 374
2026-06-15 00:35:29,066 - INFO - Written page 332 of 374
2026-06-15 00:35:29,080 - INFO - Written page 333 of 374
2026-06-15 00:35:29,206 - INFO - Written page 334 of 374
2026-06-15 00:35:29,208 - INFO - Written page 335 of 374
2026-06-15 00:35:29,258 - INFO - Written page 336 of 374
2026-06-15 00:35:29,263 - INFO - Written page 337 of 374
2026-06-15 00:35:29,319 - INFO - Written page 338 of 374
2026-06-15 00:35:29,335 - INFO - Written page 339 of 374
2026-06-15 00:35:29,463 - INFO - Written page 340 of 374
2026-06-15 00:35:29,521 - INFO - Written page 341 of 374
2026-06-15 00:35:29,575 - INFO - Written page 342 of 374
2026-06-15 00:35:29,577 - INFO - Written page 343 of 374
2026-06-15 00:35:29,674 - INFO - Written page 344 of 374
2026-06-15 00:35:29,732 - INFO - Written page 345 of 374
2026-06-15 00:35:29,838 - INFO - Written page 346 of 374
2026-06-15 00:35:29,868 - INFO - Written page 347 of 374
2026-06-15 00:35:29,899 - INFO - Written page 348 of 374
2026-06-15 00:35:29,934 - INFO - Written page 349 of 374
2026-06-15 00:35:29,967 - INFO - Written page 350 of 374
2026-06-15 00:35:30,071 - INFO - Written page 351 of 374
2026-06-15 00:35:30,104 - INFO - Written page 352 of 374
2026-06-15 00:35:30,177 - INFO - Written page 353 of 374
2026-06-15 00:35:30,207 - INFO - Written page 354 of 374
2026-06-15 00:35:30,246 - INFO - Written page 355 of 374
2026-06-15 00:35:30,320 - INFO - Written page 356 of 374
2026-06-15 00:35:30,356 - INFO - Written page 357 of 374
2026-06-15 00:35:30,390 - INFO - Written page 358 of 374
2026-06-15 00:35:30,437 - INFO - Written page 359 of 374
2026-06-15 00:35:30,439 - INFO - Written page 360 of 374
2026-06-15 00:35:30,565 - INFO - Written page 361 of 374
2026-06-15 00:35:30,578 - INFO - Written page 362 of 374
2026-06-15 00:35:30,614 - INFO - Written page 363 of 374
2026-06-15 00:35:30,620 - INFO - Written page 364 of 374
2026-06-15 00:35:30,772 - INFO - Written page 365 of 374
2026-06-15 00:35:30,777 - INFO - Written page 366 of 374
2026-06-15 00:35:30,781 - INFO - Written page 367 of 374
2026-06-15 00:35:30,834 - INFO - Written page 368 of 374
2026-06-15 00:35:30,928 - INFO - Written page 369 of 374
2026-06-15 00:35:30,977 - INFO - Written page 370 of 374
2026-06-15 00:35:30,989 - INFO - Written page 371 of 374
2026-06-15 00:35:31,023 - INFO - Written page 372 of 374
2026-06-15 00:35:31,128 - INFO - Written page 373 of 374
2026-06-15 00:35:31,130 - INFO - Written page 374 of 374
2026-06-15 00:35:32,346 - INFO - ZIM file created successfully: ../data/Kreyol_Pale_ht.zim
2026-06-15 00:35:32,388 - INFO - Deleted original: Kreyol_Pale_ht.pdf
2026-06-15 00:35:32,388 - INFO - 
==================================================
2026-06-15 00:35:32,388 - INFO - Conversion Complete!
2026-06-15 00:35:32,388 - INFO - Successful: 1
2026-06-15 00:35:32,388 - INFO - Failed: 0
2026-06-15 00:35:32,388 - INFO - Total processed: 1
2026-06-15 00:35:32,388 - INFO - ==================================================
2026-06-15 00:35:32,390 - INFO - ==================================================
2026-06-15 00:35:32,390 - INFO - Library Catalog Converter
2026-06-15 00:35:32,390 - INFO - Quality: full
2026-06-15 00:35:32,390 - INFO - OCR: disabled
2026-06-15 00:35:32,390 - INFO - ==================================================
2026-06-15 00:35:32,391 - INFO - Data folder: /Users/philippe/Python VS Code/Unified-Offline-Library-Catalog/data
2026-06-15 00:35:32,391 - INFO - Failed folder: /Users/philippe/Python VS Code/Unified-Offline-Library-Catalog/data/failed
2026-06-15 00:35:32,391 - INFO - No files found for conversion
2026-06-15 00:35:32,391 - INFO - Nothing to convert. Exiting.
